2025-01-02 00:10:00 - Opencv Dll Done
2025-01-02 00:10:04 - Opencv Dll Done
2025-01-02 00:10:07 - Opencv Dll Done
2025-01-02 00:10:07 - Image Load Error
2025-01-02 00:10:08 - Image Load Error
[2025-01-02 00:10:45] - Opencv Dll Done
[2025-01-02 00:10:48] - Opencv Dll Done
[2025-01-02 00:10:51] - Opencv Dll Done
[2025-01-02 00:10:52] - Image Load Error
[2025-01-02 00:10:52] - Image Load Error
[2025-01-02 00:26:56] - [OpencvDLL] Blur Start
[2025-01-02 00:26:56] - [OpencvDLL] Blur Done
[2025-01-02 00:26:57] - [OpencvDLL] Blur Start
[2025-01-02 00:26:57] - [OpencvDLL] Blur Done
[2025-01-02 00:26:58] - [OpencvDLL] Blur Start
[2025-01-02 00:26:58] - [OpencvDLL] Blur Done
[2025-01-02 00:28:35] - [OpencvDLL] Blur Start
[2025-01-02 00:28:37] - [OpencvDLL] Blur Done
[2025-01-02 00:28:38] - [OpencvDLL] Blur Start
[2025-01-02 00:28:41] - [OpencvDLL] Blur Done
[2025-01-02 00:28:42] - [OpencvDLL] Blur Start
[2025-01-02 00:28:45] - [OpencvDLL] Blur Done
[2025-01-02 00:35:11] - [OpencvDLL] Blur Start
[2025-01-02 00:35:13] - [OpencvDLL] Blur Done
[2025-01-02 00:35:14] - [OpencvDLL] Blur Start
[2025-01-02 00:35:16] - [OpencvDLL] Blur Done
[2025-01-02 00:35:17] - [OpencvDLL] Blur Start
[2025-01-02 00:35:18] - [OpencvDLL] Blur Done
[2025-01-02 01:49:19] - [OpencvDLL] Blur Start
[2025-01-02 01:49:21] - [OpencvDLL] Blur Done
[2025-01-02 01:49:21] - [CustomDLL] Blur Start
[2025-01-02 01:49:23] - [CustomDLL] Blur Done
[2025-01-02 01:49:24] - [OpencvDLL] Blur Start
[2025-01-02 01:49:26] - [OpencvDLL] Blur Done
[2025-01-02 01:49:26] - [CustomDLL] Blur Start
[2025-01-02 01:49:28] - [CustomDLL] Blur Done
[2025-01-02 01:49:29] - [OpencvDLL] Blur Start
[2025-01-02 01:49:31] - [OpencvDLL] Blur Done
[2025-01-02 01:49:31] - [CustomDLL] Blur Start
[2025-01-02 01:49:33] - [CustomDLL] Blur Done
[2025-01-02 01:52:55] - [OpencvDLL] Blur Start
[2025-01-02 01:52:57] - [OpencvDLL] Blur Done
[2025-01-02 01:52:57] - [CustomDLL] Blur Start
[2025-01-02 01:52:59] - [CustomDLL] Blur Done
[2025-01-02 01:52:59] - [OpencvDLL] Blur Start
[2025-01-02 01:53:00] - [OpencvDLL] Blur Done
[2025-01-02 01:53:00] - [CustomDLL] Blur Start
[2025-01-02 01:53:02] - [CustomDLL] Blur Done
[2025-01-02 01:53:03] - [OpencvDLL] Blur Start
[2025-01-02 01:53:04] - [OpencvDLL] Blur Done
[2025-01-02 01:53:04] - [CustomDLL] Blur Start
[2025-01-02 01:53:06] - [CustomDLL] Blur Done
[2025-01-02 01:56:16] - [OpencvDLL] Blur Start
[2025-01-02 01:56:17] - [OpencvDLL] Blur Done
[2025-01-02 01:56:17] - [CustomDLL] Blur Start
[2025-01-02 01:56:47] - [OpencvDLL] Blur Start
[2025-01-02 01:56:48] - [OpencvDLL] Blur Done
[2025-01-02 01:56:48] - [CustomDLL] Blur Start
[2025-01-02 01:59:07] - [OpencvDLL] Blur Start
[2025-01-02 01:59:09] - [OpencvDLL] Blur Done
[2025-01-02 01:59:09] - [CustomDLL] Blur Start
[2025-01-02 02:01:59] - [OpencvDLL] Blur Start
[2025-01-02 02:02:00] - [OpencvDLL] Blur Done
[2025-01-02 02:02:00] - [CustomDLL] Blur Start
[2025-01-02 02:03:41] - [OpencvDLL] Blur Start
[2025-01-02 02:03:43] - [OpencvDLL] Blur Done
[2025-01-02 02:03:43] - [CustomDLL] Blur Start
[2025-01-02 02:05:50] - [OpencvDLL] Blur Start
[2025-01-02 02:05:52] - [OpencvDLL] Blur Done
[2025-01-02 02:05:52] - [CustomDLL] Blur Start
[2025-01-02 02:06:36] - [OpencvDLL] Blur Start
[2025-01-02 02:06:38] - [OpencvDLL] Blur Done
[2025-01-02 02:06:38] - [CustomDLL] Blur Start
[2025-01-02 02:13:39] - [OpencvDLL] Blur Start
[2025-01-02 02:13:41] - [OpencvDLL] Blur Done
[2025-01-02 02:13:41] - [CustomDLL] Blur Start
[2025-01-02 02:13:41] - [CustomDLL] Blur Done
[2025-01-02 02:13:42] - [OpencvDLL] Blur Start
[2025-01-02 02:13:44] - [OpencvDLL] Blur Done
[2025-01-02 02:13:44] - [CustomDLL] Blur Start
[2025-01-02 02:13:45] - [CustomDLL] Blur Done
[2025-01-02 02:13:46] - [OpencvDLL] Blur Start
[2025-01-02 02:13:48] - [OpencvDLL] Blur Done
[2025-01-02 02:13:48] - [CustomDLL] Blur Start
[2025-01-02 02:13:48] - [CustomDLL] Blur Done
[2025-01-02 02:26:46] - [OpencvDLL] Blur Start
[2025-01-02 02:26:48] - [OpencvDLL] Blur Done
[2025-01-02 02:26:48] - [CustomDLL] Blur Start
[2025-01-02 02:27:39] - [OpencvDLL] Blur Start
[2025-01-02 02:27:41] - [OpencvDLL] Blur Done
[2025-01-02 02:27:41] - [CustomDLL] Blur Start
[2025-01-02 02:28:45] - [OpencvDLL] Blur Start
[2025-01-02 02:28:47] - [OpencvDLL] Blur Done
[2025-01-02 02:28:47] - [CustomDLL] Blur Start
[2025-01-02 02:30:34] - [OpencvDLL] Blur Start
[2025-01-02 02:30:36] - [OpencvDLL] Blur Done
[2025-01-02 02:30:36] - [CustomDLL] Blur Start
[2025-01-02 02:32:41] - [OpencvDLL] Blur Start
[2025-01-02 02:32:42] - [OpencvDLL] Blur Done
[2025-01-02 02:32:42] - [CustomDLL] Blur Start
[2025-01-02 02:35:22] - [CustomDLL] Blur Done
[2025-01-02 02:35:23] - [OpencvDLL] Blur Start
[2025-01-02 02:35:25] - [OpencvDLL] Blur Done
[2025-01-02 02:35:25] - [CustomDLL] Blur Start
[2025-01-02 02:37:21] - [OpencvDLL] Blur Start
[2025-01-02 02:37:22] - [OpencvDLL] Blur Done
[2025-01-02 02:37:22] - [CustomDLL] Blur Start
[2025-01-02 02:39:58] - [CustomDLL] Blur Done
[2025-01-02 02:39:59] - [OpencvDLL] Blur Start
[2025-01-02 02:40:02] - [OpencvDLL] Blur Done
[2025-01-02 02:40:02] - [CustomDLL] Blur Start
[2025-01-02 02:40:29] - [OpencvDLL] Blur Start
[2025-01-02 02:40:30] - [OpencvDLL] Blur Done
[2025-01-02 02:40:30] - [CustomDLL] Blur Start
[2025-01-02 02:40:59] - [CustomDLL] Blur Done
[2025-01-02 02:40:59] - [OpencvDLL] Blur Start
[2025-01-02 02:41:02] - [OpencvDLL] Blur Done
[2025-01-02 02:41:02] - [CustomDLL] Blur Start
[2025-01-02 02:41:42] - [CustomDLL] Blur Done
[2025-01-02 02:41:42] - [OpencvDLL] Blur Start
[2025-01-02 02:41:44] - [OpencvDLL] Blur Done
[2025-01-02 02:41:44] - [CustomDLL] Blur Start
[2025-01-02 02:42:13] - [CustomDLL] Blur Done
[2025-01-02 02:47:51] - [OpencvDLL] Blur Start
[2025-01-02 02:47:53] - [OpencvDLL] Blur Done
[2025-01-02 02:47:53] - [CustomDLL] Blur Start
[2025-01-02 02:55:36] - [CustomDLL] Blur Done
[2025-01-02 02:55:37] - [OpencvDLL] Blur Start
[2025-01-02 02:55:39] - [OpencvDLL] Blur Done
[2025-01-02 02:55:39] - [CustomDLL] Blur Start
[2025-01-02 02:58:38] - [OpencvDLL] Blur Start
[2025-01-02 02:58:40] - [OpencvDLL] Blur Done
[2025-01-02 02:58:40] - [CustomDLL] Blur Start
[2025-01-02 03:06:27] - [CustomDLL] Blur Done
[2025-01-02 03:06:28] - [OpencvDLL] Blur Start
[2025-01-02 03:06:30] - [OpencvDLL] Blur Done
[2025-01-02 03:06:30] - [CustomDLL] Blur Start
